<?xml version="1.0" encoding="UTF-8"?>
<!-- Generated by org.testng.reporters.JUnitReportReporter -->
<testsuite hostname="DESKTOP-4O4VJE8" failures="0" tests="1" name="restAssured.SoapXMLRequest" time="6.034" errors="0" timestamp="2023-09-03T18:16:50 IST" skipped="0">
  <testcase classname="restAssured.SoapXMLRequest" name="validateSoapXML" time="6.034"/>
</testsuite> <!-- restAssured.SoapXMLRequest -->
