<?xml version="1.0" encoding="UTF-8"?>
<!-- Generated by org.testng.reporters.JUnitReportReporter -->
<testsuite hostname="DESKTOP-4O4VJE8" failures="0" tests="3" name="tests.PutPatchDeleteExample" time="6.572" errors="0" timestamp="2023-08-17T18:07:02 IST" skipped="0">
  <testcase classname="tests.PutPatchDeleteExample" name="putAPI" time="0.586"/>
  <testcase classname="tests.PutPatchDeleteExample" name="patchAPI" time="0.715"/>
  <testcase classname="tests.PutPatchDeleteExample" name="deleteAPI" time="5.271"/>
</testsuite> <!-- tests.PutPatchDeleteExample -->
