<?xml version="1.0" encoding="UTF-8"?>
<!-- Generated by org.testng.reporters.JUnitReportReporter -->
<testsuite hostname="DESKTOP-4O4VJE8" failures="0" tests="1" name="tests.GetExample" time="5.105" errors="0" timestamp="2023-08-17T17:37:36 IST" skipped="0">
  <testcase classname="tests.GetExample" name="getAPI" time="5.105"/>
</testsuite> <!-- tests.GetExample -->
