<?xml version="1.0" encoding="UTF-8"?>
<!-- Generated by org.testng.reporters.JUnitReportReporter -->
<testsuite hostname="DESKTOP-4O4VJE8" failures="0" tests="1" name="restAssured.Demo_GET_Request" time="6.182" errors="0" timestamp="2023-09-01T15:08:36 IST" skipped="0">
  <testcase classname="restAssured.Demo_GET_Request" name="getRequestAPI" time="6.182"/>
</testsuite> <!-- restAssured.Demo_GET_Request -->
