<?xml version="1.0" encoding="UTF-8"?>
<!-- Generated by org.testng.reporters.JUnitReportReporter -->
<testsuite hostname="DESKTOP-4O4VJE8" failures="0" tests="2" name="tests.TestEample1" time="5.898" errors="0" timestamp="2023-08-17T17:27:58 IST" skipped="0">
  <testcase classname="tests.TestEample1" name="test2" time="1.905"/>
  <testcase classname="tests.TestEample1" name="test1" time="3.993"/>
</testsuite> <!-- tests.TestEample1 -->
