<?xml version="1.0" encoding="UTF-8"?>
<!-- Generated by org.testng.reporters.JUnitReportReporter -->
<testsuite hostname="DESKTOP-4O4VJE8" failures="0" tests="1" name="restAssured.validateXMLRequest" time="8.460" errors="0" timestamp="2023-09-04T15:28:25 IST" skipped="0">
  <testcase classname="restAssured.validateXMLRequest" name="validateSoapXML" time="8.460"/>
</testsuite> <!-- restAssured.validateXMLRequest -->
