<?xml version="1.0" encoding="UTF-8"?>
<!-- Generated by org.testng.reporters.JUnitReportReporter -->
<testsuite hostname="DESKTOP-4O4VJE8" failures="0" tests="2" name="tests.TestsOnLocalAPI" time="3.280" errors="0" timestamp="2023-08-24T14:05:18 IST" skipped="0">
  <testcase classname="tests.TestsOnLocalAPI" name="delete" time="3.034"/>
  <testcase classname="tests.TestsOnLocalAPI" name="get" time="0.246"/>
</testsuite> <!-- tests.TestsOnLocalAPI -->
