<?xml version="1.0" encoding="UTF-8"?>
<!-- Generated by org.testng.reporters.JUnitReportReporter -->
<testsuite hostname="DESKTOP-4O4VJE8" failures="0" tests="2" name="tests.GetPostExample" time="6.188" errors="0" timestamp="2023-08-17T17:59:25 IST" skipped="0">
  <testcase classname="tests.GetPostExample" name="getAPI" time="5.602"/>
  <testcase classname="tests.GetPostExample" name="potAPI" time="0.586"/>
</testsuite> <!-- tests.GetPostExample -->
