<?xml version="1.0" encoding="UTF-8"?>
<!-- Generated by org.testng.reporters.JUnitReportReporter -->
<testsuite hostname="DESKTOP-4O4VJE8" failures="0" tests="1" name="restAssured.DynamicJson" time="4.626" errors="0" timestamp="2023-09-30T16:24:50 IST" skipped="0">
  <testcase classname="restAssured.DynamicJson" name="addBook" time="4.626"/>
</testsuite> <!-- restAssured.DynamicJson -->
