<?xml version="1.0" encoding="UTF-8"?>
<!-- Generated by org.testng.reporters.JUnitReportReporter -->
<testsuite hostname="DESKTOP-4O4VJE8" failures="0" tests="1" name="restAssured.Demo_POST_Request" time="4.950" errors="0" timestamp="2023-09-01T15:35:54 IST" skipped="0">
  <testcase classname="restAssured.Demo_POST_Request" name="postRequestAPI" time="4.950"/>
</testsuite> <!-- restAssured.Demo_POST_Request -->
