<?xml version="1.0" encoding="UTF-8"?>
<!-- Generated by org.testng.reporters.JUnitReportReporter -->
<testsuite hostname="DESKTOP-4O4VJE8" failures="0" tests="1" name="restAssured.JsonSchemaValitor" time="4.681" errors="0" timestamp="2023-09-03T17:47:59 IST" skipped="0">
  <testcase classname="restAssured.JsonSchemaValitor" name="getRequestAPI" time="4.681"/>
</testsuite> <!-- restAssured.JsonSchemaValitor -->
