<?xml version="1.0" encoding="UTF-8"?>
<!-- Generated by org.testng.reporters.JUnitReportReporter -->
<testsuite hostname="DESKTOP-4O4VJE8" failures="0" tests="1" name="steps.stepDef" time="6.542" errors="0" timestamp="2023-09-08T00:51:33 IST" skipped="0">
  <testcase classname="steps.stepDef" name="GETAPI" time="6.542"/>
</testsuite> <!-- steps.stepDef -->
