<?xml version="1.0" encoding="UTF-8"?>
<!-- Generated by org.testng.reporters.JUnitReportReporter -->
<testsuite hostname="DESKTOP-4O4VJE8" failures="0" tests="1" name="runner.TestRunnerTestng" time="6.341" errors="0" timestamp="2023-09-19T15:27:28 IST" skipped="0">
  <testcase classname="runner.TestRunnerTestng" name="runScenario" time="6.341"/>
</testsuite> <!-- runner.TestRunnerTestng -->
